c:\users\pc\desktop\bai tap\oop\project\strategygame\strategygame\debug\vc142.pdb
c:\users\pc\desktop\bai tap\oop\project\strategygame\strategygame\debug\vc142.idb
c:\users\pc\desktop\bai tap\oop\project\strategygame\strategygame\debug\team.obj
c:\users\pc\desktop\bai tap\oop\project\strategygame\strategygame\debug\superswordmanstate.obj
c:\users\pc\desktop\bai tap\oop\project\strategygame\strategygame\debug\superswordmanrule.obj
c:\users\pc\desktop\bai tap\oop\project\strategygame\strategygame\debug\superspikemanstate.obj
c:\users\pc\desktop\bai tap\oop\project\strategygame\strategygame\debug\superspikemanrule.obj
c:\users\pc\desktop\bai tap\oop\project\strategygame\strategygame\debug\superpikemanstate.obj
c:\users\pc\desktop\bai tap\oop\project\strategygame\strategygame\debug\superknightstate.obj
c:\users\pc\desktop\bai tap\oop\project\strategygame\strategygame\debug\superknightrule.obj
c:\users\pc\desktop\bai tap\oop\project\strategygame\strategygame\debug\state.obj
c:\users\pc\desktop\bai tap\oop\project\strategygame\strategygame\debug\soldier.obj
c:\users\pc\desktop\bai tap\oop\project\strategygame\strategygame\debug\rule.obj
c:\users\pc\desktop\bai tap\oop\project\strategygame\strategygame\debug\randomgenerator.obj
c:\users\pc\desktop\bai tap\oop\project\strategygame\strategygame\debug\normalstate.obj
c:\users\pc\desktop\bai tap\oop\project\strategygame\strategygame\debug\main.obj
c:\users\pc\desktop\bai tap\oop\project\strategygame\strategygame\debug\game.obj
c:\users\pc\desktop\bai tap\oop\project\strategygame\strategygame\debug\strategygame.tlog\cl.command.1.tlog
c:\users\pc\desktop\bai tap\oop\project\strategygame\strategygame\debug\strategygame.tlog\cl.read.1.tlog
c:\users\pc\desktop\bai tap\oop\project\strategygame\strategygame\debug\strategygame.tlog\cl.write.1.tlog
